<?xml version="1.0" encoding="UTF-8"?>
<!-- Generated by org.testng.reporters.JUnitXMLReporter -->
<testsuite ignored="0" hostname="DESKTOP-DU7I7OF" failures="0" tests="5" name="Default test" time="498.85" errors="0" timestamp="2026-04-25T16:08:15 IST">
  <testcase classname="Farm2Me.LoginTest" name="validateLoginPageFields" time="18.415"/>
  <testcase classname="Farm2Me.LoginTest" name="loginDataDrivenTest" time="39.958"/>
  <testcase classname="Farm2Me.LoginTest" name="loginDataDrivenTest" time="26.543"/>
  <testcase classname="Farm2Me.LoginTest" name="loginDataDrivenTest" time="10.515"/>
  <testcase classname="Farm2Me.LoginTest" name="testValidLogin" time="40.054"/>
</testsuite> <!-- Default test -->
