<?xml version="1.0" encoding="UTF-8"?>
<!-- Generated by org.testng.reporters.JUnitXMLReporter -->
<testsuite ignored="0" hostname="DESKTOP-DU7I7OF" failures="0" tests="7" name="Default test" time="100.042" errors="0" timestamp="2026-05-02T18:11:45 IST">
  <testcase classname="Farm2Me.LoginTest" name="validateLoginPageFields" time="18.297"/>
  <testcase classname="Farm2Me.LoginTest" name="loginDataDrivenTest" time="10.267"/>
  <testcase classname="Farm2Me.LoginTest" name="loginDataDrivenTest" time="10.291"/>
  <testcase classname="Farm2Me.LoginTest" name="loginDataDrivenTest" time="8.079"/>
  <testcase classname="Farm2Me.LoginTest" name="testLoginWithBlankFields" time="6.824"/>
  <testcase classname="Farm2Me.LoginTest" name="testLoginWithOnlyPassword" time="4.935"/>
  <testcase classname="Farm2Me.LoginTest" name="testValidLogin" time="39.186"/>
</testsuite> <!-- Default test -->
