<?xml version="1.0" encoding="UTF-8"?>
<!-- Generated by org.testng.reporters.JUnitXMLReporter -->
<testsuite ignored="0" hostname="DESKTOP-DU7I7OF" failures="0" tests="6" name="Login Tests" time="98.432" errors="0" timestamp="2026-04-30T19:00:45 IST">
  <testcase classname="Farm2Me.LoginTest" name="validateLoginPageFields" time="18.419"/>
  <testcase classname="Farm2Me.LoginTest" name="loginDataDrivenTest" time="10.765"/>
  <testcase classname="Farm2Me.LoginTest" name="loginDataDrivenTest" time="10.549"/>
  <testcase classname="Farm2Me.LoginTest" name="loginDataDrivenTest" time="8.89"/>
  <testcase classname="Farm2Me.LoginTest" name="testLoginWithBlankFields" time="7.072"/>
  <testcase classname="Farm2Me.LoginTest" name="testValidLogin" time="40.102"/>
</testsuite> <!-- Login Tests -->
