<?xml version="1.0" encoding="UTF-8"?>
<testng-results ignored="0" total="6" passed="6" failed="0" skipped="0">
  <reporter-output>
  </reporter-output>
  <suite started-at="2026-04-30T10:17:14 IST" name="Default suite" finished-at="2026-04-30T10:18:51 IST" duration-ms="96719">
    <groups>
    </groups>
    <test started-at="2026-04-30T10:17:14 IST" name="Default test" finished-at="2026-04-30T10:18:51 IST" duration-ms="96719">
      <class name="Farm2Me.LoginTest">
        <test-method is-config="true" signature="setup()[pri:0, instance:Farm2Me.LoginTest@5c90e579]" started-at="2026-04-30T10:17:10 IST" name="setup" finished-at="2026-04-30T10:17:14 IST" duration-ms="4564" status="PASS">
          <reporter-output>
          </reporter-output>
        </test-method> <!-- setup -->
        <test-method signature="validateLoginPageFields()[pri:1, instance:Farm2Me.LoginTest@5c90e579]" started-at="2026-04-30T10:17:14 IST" name="validateLoginPageFields" finished-at="2026-04-30T10:17:33 IST" duration-ms="18305" status="PASS">
          <reporter-output>
          </reporter-output>
        </test-method> <!-- validateLoginPageFields -->
        <test-method signature="loginDataDrivenTest(java.lang.String,java.lang.String,java.lang.String)[pri:2, instance:Farm2Me.LoginTest@5c90e579]" started-at="2026-04-30T10:17:34 IST" name="loginDataDrivenTest" data-provider="loginData" finished-at="2026-04-30T10:17:44 IST" duration-ms="10195" status="PASS">
          <params>
            <param index="0">
              <value>
                <![CDATA[1.23456789E9]]>
              </value>
            </param>
            <param index="1">
              <value>
                <![CDATA[Manjuurs@123]]>
              </value>
            </param>
            <param index="2">
              <value>
                <![CDATA[Invalid]]>
              </value>
            </param>
          </params>
          <reporter-output>
          </reporter-output>
        </test-method> <!-- loginDataDrivenTest -->
        <test-method signature="loginDataDrivenTest(java.lang.String,java.lang.String,java.lang.String)[pri:2, instance:Farm2Me.LoginTest@5c90e579]" started-at="2026-04-30T10:17:44 IST" name="loginDataDrivenTest" data-provider="loginData" finished-at="2026-04-30T10:17:54 IST" duration-ms="10121" status="PASS">
          <params>
            <param index="0">
              <value>
                <![CDATA[1.23456789E9]]>
              </value>
            </param>
            <param index="1">
              <value>
                <![CDATA[wrongpass]]>
              </value>
            </param>
            <param index="2">
              <value>
                <![CDATA[Invalid]]>
              </value>
            </param>
          </params>
          <reporter-output>
          </reporter-output>
        </test-method> <!-- loginDataDrivenTest -->
        <test-method signature="loginDataDrivenTest(java.lang.String,java.lang.String,java.lang.String)[pri:2, instance:Farm2Me.LoginTest@5c90e579]" started-at="2026-04-30T10:17:54 IST" name="loginDataDrivenTest" data-provider="loginData" finished-at="2026-04-30T10:18:03 IST" duration-ms="8709" status="PASS">
          <params>
            <param index="0">
              <value>
                <![CDATA[9.739706253E9]]>
              </value>
            </param>
            <param index="1">
              <value>
                <![CDATA[Manjuurs@123]]>
              </value>
            </param>
            <param index="2">
              <value>
                <![CDATA[Valid]]>
              </value>
            </param>
          </params>
          <reporter-output>
          </reporter-output>
        </test-method> <!-- loginDataDrivenTest -->
        <test-method signature="testLoginWithBlankFields()[pri:3, instance:Farm2Me.LoginTest@5c90e579]" started-at="2026-04-30T10:18:03 IST" name="testLoginWithBlankFields" finished-at="2026-04-30T10:18:11 IST" duration-ms="8027" status="PASS">
          <reporter-output>
          </reporter-output>
        </test-method> <!-- testLoginWithBlankFields -->
        <test-method signature="testValidLogin()[pri:4, instance:Farm2Me.LoginTest@5c90e579]" started-at="2026-04-30T10:18:11 IST" name="testValidLogin" finished-at="2026-04-30T10:18:51 IST" duration-ms="39183" status="PASS">
          <reporter-output>
          </reporter-output>
        </test-method> <!-- testValidLogin -->
        <test-method is-config="true" signature="tearDown()[pri:0, instance:Farm2Me.LoginTest@5c90e579]" started-at="2026-04-30T10:18:52 IST" name="tearDown" finished-at="2026-04-30T10:18:52 IST" duration-ms="178" status="PASS">
          <reporter-output>
          </reporter-output>
        </test-method> <!-- tearDown -->
      </class> <!-- Farm2Me.LoginTest -->
    </test> <!-- Default test -->
  </suite> <!-- Default suite -->
</testng-results>
