<?xml version="1.0" encoding="UTF-8"?>
<testng-results ignored="0" total="7" passed="7" failed="0" skipped="0">
  <reporter-output>
  </reporter-output>
  <suite started-at="2026-05-05T12:41:21 IST" name="Default suite" finished-at="2026-05-05T12:43:05 IST" duration-ms="103837">
    <groups>
    </groups>
    <test started-at="2026-05-05T12:41:21 IST" name="Default test" finished-at="2026-05-05T12:43:05 IST" duration-ms="103837">
      <class name="Farm2Me_User.LoginTest">
        <test-method is-config="true" signature="setup()[pri:0, instance:Farm2Me_User.LoginTest@58ea606c]" started-at="2026-05-05T12:41:16 IST" name="setup" finished-at="2026-05-05T12:41:21 IST" duration-ms="5154" status="PASS">
          <reporter-output>
          </reporter-output>
        </test-method> <!-- setup -->
        <test-method signature="validateLoginPageFields()[pri:1, instance:Farm2Me_User.LoginTest@58ea606c]" started-at="2026-05-05T12:41:21 IST" name="validateLoginPageFields" finished-at="2026-05-05T12:41:40 IST" duration-ms="18435" status="PASS">
          <reporter-output>
          </reporter-output>
        </test-method> <!-- validateLoginPageFields -->
        <test-method signature="loginDataDrivenTest(java.lang.String,java.lang.String,java.lang.String)[pri:2, instance:Farm2Me_User.LoginTest@58ea606c]" started-at="2026-05-05T12:41:41 IST" name="loginDataDrivenTest" data-provider="loginData" finished-at="2026-05-05T12:41:52 IST" duration-ms="10741" status="PASS">
          <params>
            <param index="0">
              <value>
                <![CDATA[1.23456789E9]]>
              </value>
            </param>
            <param index="1">
              <value>
                <![CDATA[Manjuurs@123]]>
              </value>
            </param>
            <param index="2">
              <value>
                <![CDATA[Invalid]]>
              </value>
            </param>
          </params>
          <reporter-output>
          </reporter-output>
        </test-method> <!-- loginDataDrivenTest -->
        <test-method signature="loginDataDrivenTest(java.lang.String,java.lang.String,java.lang.String)[pri:2, instance:Farm2Me_User.LoginTest@58ea606c]" started-at="2026-05-05T12:41:52 IST" name="loginDataDrivenTest" data-provider="loginData" finished-at="2026-05-05T12:42:03 IST" duration-ms="10979" status="PASS">
          <params>
            <param index="0">
              <value>
                <![CDATA[1.23456789E9]]>
              </value>
            </param>
            <param index="1">
              <value>
                <![CDATA[wrongpass]]>
              </value>
            </param>
            <param index="2">
              <value>
                <![CDATA[Invalid]]>
              </value>
            </param>
          </params>
          <reporter-output>
          </reporter-output>
        </test-method> <!-- loginDataDrivenTest -->
        <test-method signature="loginDataDrivenTest(java.lang.String,java.lang.String,java.lang.String)[pri:2, instance:Farm2Me_User.LoginTest@58ea606c]" started-at="2026-05-05T12:42:03 IST" name="loginDataDrivenTest" data-provider="loginData" finished-at="2026-05-05T12:42:12 IST" duration-ms="8864" status="PASS">
          <params>
            <param index="0">
              <value>
                <![CDATA[9.739706253E9]]>
              </value>
            </param>
            <param index="1">
              <value>
                <![CDATA[Manjuurs@123]]>
              </value>
            </param>
            <param index="2">
              <value>
                <![CDATA[Valid]]>
              </value>
            </param>
          </params>
          <reporter-output>
          </reporter-output>
        </test-method> <!-- loginDataDrivenTest -->
        <test-method signature="testLoginWithBlankFields()[pri:3, instance:Farm2Me_User.LoginTest@58ea606c]" started-at="2026-05-05T12:42:12 IST" name="testLoginWithBlankFields" finished-at="2026-05-05T12:42:20 IST" duration-ms="7655" status="PASS">
          <reporter-output>
          </reporter-output>
        </test-method> <!-- testLoginWithBlankFields -->
        <test-method signature="testLoginWithOnlyPassword()[pri:4, instance:Farm2Me_User.LoginTest@58ea606c]" started-at="2026-05-05T12:42:20 IST" name="testLoginWithOnlyPassword" finished-at="2026-05-05T12:42:25 IST" duration-ms="4380" status="PASS">
          <reporter-output>
          </reporter-output>
        </test-method> <!-- testLoginWithOnlyPassword -->
        <test-method signature="testValidLogin()[pri:5, instance:Farm2Me_User.LoginTest@58ea606c]" started-at="2026-05-05T12:42:25 IST" name="testValidLogin" finished-at="2026-05-05T12:43:05 IST" duration-ms="39882" status="PASS">
          <reporter-output>
          </reporter-output>
        </test-method> <!-- testValidLogin -->
        <test-method is-config="true" signature="tearDown()[pri:0, instance:Farm2Me_User.LoginTest@58ea606c]" started-at="2026-05-05T12:43:06 IST" name="tearDown" finished-at="2026-05-05T12:43:07 IST" duration-ms="305" status="PASS">
          <reporter-output>
          </reporter-output>
        </test-method> <!-- tearDown -->
      </class> <!-- Farm2Me_User.LoginTest -->
    </test> <!-- Default test -->
  </suite> <!-- Default suite -->
</testng-results>
