<?xml version="1.0" encoding="UTF-8"?>
<!-- Generated by org.testng.reporters.JUnitReportReporter -->
<testsuite hostname="DESKTOP-DU7I7OF" failures="0" tests="2" name="Java_Automation.Java_Automation.OrangeHRM" time="68.580" errors="0" timestamp="2024-12-31T15:31:38 IST" skipped="0">
  <testcase classname="Java_Automation.Java_Automation.OrangeHRM" name="LoginWithInvalidCredentials" time="13.997"/>
  <testcase classname="Java_Automation.Java_Automation.OrangeHRM" name="LogintestWithValidCredentials" time="54.583"/>
</testsuite> <!-- Java_Automation.Java_Automation.OrangeHRM -->
