<?xml version="1.0" encoding="UTF-8"?>
<!-- Generated by org.testng.reporters.JUnitReportReporter -->
<testsuite hostname="DESKTOP-DU7I7OF" failures="0" tests="5" name="Farm2Me.LoginTest" time="498.000" errors="0" timestamp="2026-04-25T16:08:15 IST" skipped="0">
  <testcase classname="Farm2Me.LoginTest" name="validateLoginPageFields" time="66.932"/>
  <testcase classname="Farm2Me.LoginTest" name="loginDataDrivenTest" time="52.676"/>
  <testcase classname="Farm2Me.LoginTest" name="loginDataDrivenTest" time="67.866"/>
  <testcase classname="Farm2Me.LoginTest" name="loginDataDrivenTest" time="76.813"/>
  <testcase classname="Farm2Me.LoginTest" name="testValidLogin" time="233.713"/>
</testsuite> <!-- Farm2Me.LoginTest -->
