<?xml version="1.0" encoding="UTF-8"?>
<!-- Generated by org.testng.reporters.JUnitReportReporter -->
<testsuite hostname="DESKTOP-DU7I7OF" failures="0" tests="7" name="Farm2Me.LoginTest" time="249.482" errors="0" timestamp="2026-05-04T12:41:21 IST" skipped="0">
  <testcase classname="Farm2Me.LoginTest" name="validateLoginPageFields" time="18.296"/>
  <testcase classname="Farm2Me.LoginTest" name="loginDataDrivenTest" time="57.832"/>
  <testcase classname="Farm2Me.LoginTest" name="loginDataDrivenTest" time="92.029"/>
  <testcase classname="Farm2Me.LoginTest" name="loginDataDrivenTest" time="11.315"/>
  <testcase classname="Farm2Me.LoginTest" name="testLoginWithBlankFields" time="25.419"/>
  <testcase classname="Farm2Me.LoginTest" name="testLoginWithOnlyPassword" time="5.311"/>
  <testcase classname="Farm2Me.LoginTest" name="testValidLogin" time="39.280"/>
</testsuite> <!-- Farm2Me.LoginTest -->
