<?xml version="1.0" encoding="UTF-8"?>
<!-- Generated by org.testng.reporters.JUnitReportReporter -->
<testsuite hostname="DESKTOP-DU7I7OF" failures="0" tests="7" name="Farm2Me_User.LoginTest" time="100.936" errors="0" timestamp="2026-05-05T12:43:07 IST" skipped="0">
  <testcase classname="Farm2Me_User.LoginTest" name="validateLoginPageFields" time="18.435"/>
  <testcase classname="Farm2Me_User.LoginTest" name="loginDataDrivenTest" time="10.979"/>
  <testcase classname="Farm2Me_User.LoginTest" name="loginDataDrivenTest" time="10.741"/>
  <testcase classname="Farm2Me_User.LoginTest" name="loginDataDrivenTest" time="8.864"/>
  <testcase classname="Farm2Me_User.LoginTest" name="testLoginWithBlankFields" time="7.655"/>
  <testcase classname="Farm2Me_User.LoginTest" name="testLoginWithOnlyPassword" time="4.380"/>
  <testcase classname="Farm2Me_User.LoginTest" name="testValidLogin" time="39.882"/>
</testsuite> <!-- Farm2Me_User.LoginTest -->
